<?xml version="1.0" encoding="utf-8"?><testsuites name="pytest tests"><testsuite name="pytest" errors="0" failures="0" skipped="0" tests="12" time="2.264" timestamp="2026-06-03T08:02:58.584969+00:00" hostname="agent-env-096d6d5e-8dbf-4ee7-9fdb-0bf5535d21a5"><testcase classname="backend.tests.backend_test.TestHealth" name="test_root_health" time="0.372" /><testcase classname="backend.tests.backend_test.TestGithubProjects" name="test_github_projects_returns_list" time="0.540" /><testcase classname="backend.tests.backend_test.TestGithubProjects" name="test_github_projects_schema" time="0.047" /><testcase classname="backend.tests.backend_test.TestGithubProjects" name="test_github_projects_limited" time="0.047" /><testcase classname="backend.tests.backend_test.TestContactForm" name="test_contact_send_mock_success" time="0.388" /><testcase classname="backend.tests.backend_test.TestContactForm" name="test_contact_send_rejects_invalid_email[notanemail]" time="0.051" /><testcase classname="backend.tests.backend_test.TestContactForm" name="test_contact_send_rejects_invalid_email[missing@tld]" time="0.047" /><testcase classname="backend.tests.backend_test.TestContactForm" name="test_contact_send_rejects_invalid_email[@no-local.com]" time="0.050" /><testcase classname="backend.tests.backend_test.TestContactForm" name="test_contact_send_rejects_invalid_email[spaces in@email.com]" time="0.052" /><testcase classname="backend.tests.backend_test.TestContactForm" name="test_contact_send_rejects_invalid_email[]" time="0.047" /><testcase classname="backend.tests.backend_test.TestContactForm" name="test_contact_send_missing_fields" time="0.046" /><testcase classname="backend.tests.backend_test.TestContactForm" name="test_contact_send_valid_email_format" time="0.052" /></testsuite></testsuites>